mktextfm Consolas
mktextfm Consolas
mktextfm Consolas
mktextfm Consolas/BI
mktextfm Consolas
mktextfm Consolas/B
mktextfm Consolas
mktextfm Consolas/I
mktextfm Consolas
mktextfm Consolas
mktextfm nwpuname/OT
mktextfm nwpuname/OT
mktextfm nwpuname/OT
mktextfm nwpuname/OT
mktextfm nwpuname/OT
mktextfm nwpuname/OT
mktextfm nwpuname/OT
mktextfm nwpuname/OT
mktextfm nwpuname/OT
mktextfm nwpuname/OT
mktextfm nwpuname/OT
mktextfm nwpuname/OT
mktextfm nwpuname/OT
mktextfm nwpuname/OT
mktextfm nwpuname/OT
mktextfm nwpuname/OT
mktextfm nwpuname/OT
mktextfm nwpuname/OT
mktextfm nwpuname/OT
mktextfm nwpuname/OT
mktextfm nwpuname/OT
mktextfm nwpuname/OT
